<?xml version="1.0" encoding="UTF-8"?>
<!-- Generated by org.testng.reporters.JUnitXMLReporter -->
<testsuite hostname="MimaPC" ignored="4" name="Testing" tests="19" failures="3" timestamp="03 Aug 2018 18:58:07 GMT" time="112.541" errors="0">
  <testcase name="loginDomainName" time="4.713" classname="testsIF.LoginPageTest"/>
  <testcase name="invalidMail" time="3.396" classname="testsIF.LoginPageTest"/>
  <testcase name="invalidPass" time="3.507" classname="testsIF.LoginPageTest"/>
  <testcase name="emptyField" time="1.73" classname="testsIF.LoginPageTest"/>
  <testcase name="ShowPassword" time="1.798" classname="testsIF.LoginPageTest"/>
  <testcase name="uppercasePass" time="3.638" classname="testsIF.LoginPageTest"/>
  <testcase name="uppercaseMail" time="6.066" classname="testsIF.LoginPageTest"/>
  <testcase name="passleast6greater20" time="5.294" classname="testsIF.LoginPageTest"/>
  <testcase name="login" time="3.195" classname="testsIF.LoginPageTest"/>
  <testcase name="discardNewInvoice" time="0.012" classname="testsIF.InvoicesPageTest">
    <failure type="java.lang.NullPointerException">
      <![CDATA[java.lang.NullPointerException
at testsIF.InvoicesPageTest.discardNewInvoice(InvoicesPageTest.java:19)
... Removed 25 stack frames]]>
    </failure>
  </testcase> <!-- discardNewInvoice -->
  <testcase name="addNewInvoice" time="20.267" classname="testsIF.InvoicesPageTest"/>
  <testcase name="addNewInvoiceErrorMessages" time="4.849" classname="testsIF.InvoicesPageTest"/>
  <testcase name="addNewInvoiceErrorMessages1" time="15.408" classname="testsIF.InvoicesPageTest"/>
  <testcase name="invoicesFilter" time="13.181" classname="testsIF.InvoicesPageTest"/>
  <testcase name="StatusChange" time="3.512" classname="testsIF.InvoicesPageTest"/>
  <testcase name="invoicesOption" time="9.627" classname="testsIF.InvoicesPageTest"/>
  <testcase name="viewDetails" time="0.0" classname="testsIF.BusinessPageTest">
    <failure type="java.lang.NullPointerException">
      <![CDATA[java.lang.NullPointerException
at testsIF.BusinessPageTest.viewDetails(BusinessPageTest.java:16)
... Removed 25 stack frames]]>
    </failure>
  </testcase> <!-- viewDetails -->
  <testcase name="newBusiness" time="10.121" classname="testsIF.BusinessPageTest">
    <failure type="org.openqa.selenium.NoSuchElementException" message="no such element: Unable to locate element: {&amp;quot;method&amp;quot;:&amp;quot;id&amp;quot;,&amp;quot;selector&amp;quot;:&amp;quot;add-new-business&amp;quot;}
  (Session info: chrome=68.0.3440.84)
  (Driver info: chromedriver=2.40.565498 (ea082db3280dd6843ebfb08a625e3eb905c4f5ab),platform=Windows NT 6.3.9600 x86_64) (WARNING: The server did not provide any stacktrace information)
Command duration or timeout: 0 milliseconds
For documentation on this error, please visit: http://seleniumhq.org/exceptions/no_such_element.html
Build info: version: &amp;apos;3.13.0&amp;apos;, revision: &amp;apos;2f0d292&amp;apos;, time: &amp;apos;2018-06-25T15:32:14.902Z&amp;apos;
System info: host: &amp;apos;MIMAPC&amp;apos;, ip: &amp;apos;192.168.23.48&amp;apos;, os.name: &amp;apos;Windows 8.1&amp;apos;, os.arch: &amp;apos;amd64&amp;apos;, os.version: &amp;apos;6.3&amp;apos;, java.version: &amp;apos;1.8.0_171&amp;apos;
Driver info: org.openqa.selenium.chrome.ChromeDriver
Capabilities {acceptInsecureCerts: false, acceptSslCerts: false, applicationCacheEnabled: false, browserConnectionEnabled: false, browserName: chrome, chrome: {chromedriverVersion: 2.40.565498 (ea082db3280dd6..., userDataDir: C:\Users\igor\AppData\Local...}, cssSelectorsEnabled: true, databaseEnabled: false, handlesAlerts: true, hasTouchScreen: false, javascriptEnabled: true, locationContextEnabled: true, mobileEmulationEnabled: false, nativeEvents: true, networkConnectionEnabled: false, pageLoadStrategy: normal, platform: XP, platformName: XP, rotatable: false, setWindowRect: true, takesHeapSnapshot: true, takesScreenshot: true, unexpectedAlertBehaviour: , unhandledPromptBehavior: , version: 68.0.3440.84, webStorageEnabled: true}
Session ID: 4f9be0eb32dd7d21a2aa4784af4a40bf
*** Element info: {Using=id, value=add-new-business}">
      <![CDATA[org.openqa.selenium.NoSuchElementException: no such element: Unable to locate element: {"method":"id","selector":"add-new-business"}
  (Session info: chrome=68.0.3440.84)
  (Driver info: chromedriver=2.40.565498 (ea082db3280dd6843ebfb08a625e3eb905c4f5ab),platform=Windows NT 6.3.9600 x86_64) (WARNING: The server did not provide any stacktrace information)
Command duration or timeout: 0 milliseconds
For documentation on this error, please visit: http://seleniumhq.org/exceptions/no_such_element.html
Build info: version: '3.13.0', revision: '2f0d292', time: '2018-06-25T15:32:14.902Z'
System info: host: 'MIMAPC', ip: '192.168.23.48', os.name: 'Windows 8.1', os.arch: 'amd64', os.version: '6.3', java.version: '1.8.0_171'
Driver info: org.openqa.selenium.chrome.ChromeDriver
Capabilities {acceptInsecureCerts: false, acceptSslCerts: false, applicationCacheEnabled: false, browserConnectionEnabled: false, browserName: chrome, chrome: {chromedriverVersion: 2.40.565498 (ea082db3280dd6..., userDataDir: C:\Users\igor\AppData\Local...}, cssSelectorsEnabled: true, databaseEnabled: false, handlesAlerts: true, hasTouchScreen: false, javascriptEnabled: true, locationContextEnabled: true, mobileEmulationEnabled: false, nativeEvents: true, networkConnectionEnabled: false, pageLoadStrategy: normal, platform: XP, platformName: XP, rotatable: false, setWindowRect: true, takesHeapSnapshot: true, takesScreenshot: true, unexpectedAlertBehaviour: , unhandledPromptBehavior: , version: 68.0.3440.84, webStorageEnabled: true}
Session ID: 4f9be0eb32dd7d21a2aa4784af4a40bf
*** Element info: {Using=id, value=add-new-business}
at org.openqa.selenium.remote.ErrorHandler.createThrowable(ErrorHandler.java:214)
at org.openqa.selenium.remote.ErrorHandler.throwIfResponseFailed(ErrorHandler.java:166)
at org.openqa.selenium.remote.http.JsonHttpResponseCodec.reconstructValue(JsonHttpResponseCodec.java:40)
at org.openqa.selenium.remote.http.AbstractHttpResponseCodec.decode(AbstractHttpResponseCodec.java:80)
at org.openqa.selenium.remote.http.AbstractHttpResponseCodec.decode(AbstractHttpResponseCodec.java:44)
at org.openqa.selenium.remote.HttpCommandExecutor.execute(HttpCommandExecutor.java:158)
at org.openqa.selenium.remote.service.DriverCommandExecutor.execute(DriverCommandExecutor.java:83)
at org.openqa.selenium.remote.RemoteWebDriver.execute(RemoteWebDriver.java:548)
at org.openqa.selenium.remote.RemoteWebDriver.findElement(RemoteWebDriver.java:322)
at org.openqa.selenium.remote.RemoteWebDriver.findElementById(RemoteWebDriver.java:368)
at org.openqa.selenium.By$ById.findElement(By.java:188)
at org.openqa.selenium.remote.RemoteWebDriver.findElement(RemoteWebDriver.java:314)
at org.openqa.selenium.support.pagefactory.DefaultElementLocator.findElement(DefaultElementLocator.java:69)
at org.openqa.selenium.support.pagefactory.internal.LocatingElementHandler.invoke(LocatingElementHandler.java:38)
at com.sun.proxy.$Proxy9.click(Unknown Source)
at pagesIF.BusinessPage.newBusiness(BusinessPage.java:157)
at testsIF.BusinessPageTest.newBusiness(BusinessPageTest.java:30)
... Removed 29 stack frames]]>
    </failure>
  </testcase> <!-- newBusiness -->
  <testcase name="Logout" time="2.068" classname="testsIF.BusinessPageTest"/>
  <testcase name="@AfterSuite tearDown" time="0.0" classname="testsIF.InitTest">
    <ignored/>
  </testcase> <!-- @AfterSuite tearDown -->
  <testcase name="@AfterSuite tearDown" time="0.0" classname="testsIF.InitTest">
    <ignored/>
  </testcase> <!-- @AfterSuite tearDown -->
  <testcase name="@BeforeSuite SetUp" time="0.0" classname="testsIF.InitTest">
    <ignored/>
  </testcase> <!-- @BeforeSuite SetUp -->
  <testcase name="@BeforeSuite SetUp" time="0.0" classname="testsIF.InitTest">
    <ignored/>
  </testcase> <!-- @BeforeSuite SetUp -->
</testsuite> <!-- Testing -->
